<?xml version="1.0" encoding="UTF-8"?>
<!-- Generated by org.testng.reporters.JUnitXMLReporter -->
<testsuite ignored="6" hostname="Arnold" failures="0" tests="3" name="Smoke" time="0.03" errors="0" timestamp="2021-01-28T16:19:04 GST">
  <testcase classname="UdemyContd.V139PrioritizingTheTestcasesWithTestNG" name="APILoginCar" time="0.003"/>
  <testcase classname="UdemyContd.V137RunningTestcasesInTestNGWithoutJavaCompiler" name="simply" time="0.0"/>
  <testcase classname="UdemyContd.V141ExecutingTestcasesAtPackageLevelWithRegex" name="MobileValidation" time="0.0"/>
  <testcase classname="UdemyContd.V137RunningTestcasesInTestNGWithoutJavaCompiler" name="TestNG" time="0.0">
    <ignored/>
  </testcase> <!-- TestNG -->
  <testcase classname="UdemyContd.V141ExecutingTestcasesAtPackageLevelWithRegex" name="MobileLoginHome" time="0.0">
    <ignored/>
  </testcase> <!-- MobileLoginHome -->
  <testcase classname="UdemyContd.V141ExecutingTestcasesAtPackageLevelWithRegex" name="WebLoginHome" time="0.0">
    <ignored/>
  </testcase> <!-- WebLoginHome -->
  <testcase classname="UdemyContd.V139PrioritizingTheTestcasesWithTestNG" name="MobileLoginCar" time="0.0">
    <ignored/>
  </testcase> <!-- MobileLoginCar -->
  <testcase classname="UdemyContd.V141ExecutingTestcasesAtPackageLevelWithRegex" name="APILoginHome" time="0.0">
    <ignored/>
  </testcase> <!-- APILoginHome -->
  <testcase classname="UdemyContd.V138ImportanceOfXMLFileInTestNGConfiguration" name="TestNG" time="0.0">
    <ignored/>
  </testcase> <!-- TestNG -->
</testsuite> <!-- Smoke -->
