<?xml version="1.0" encoding="UTF-8"?>
<!-- Generated by org.testng.reporters.JUnitXMLReporter -->
<testsuite ignored="0" hostname="Arnold" failures="0" tests="9" name="Test" time="0.043" errors="0" timestamp="2021-02-05T15:32:37 GST">
  <testcase classname="UdemyContd2.V160_1SwitchingTheTestsWithMavenProfiling" name="MavenFullSwing1" time="0.004"/>
  <testcase classname="UdemyContd2.V160_1SwitchingTheTestsWithMavenProfiling" name="MavenFullSwing2" time="0.0"/>
  <testcase classname="UdemyContd2.V160_1SwitchingTheTestsWithMavenProfiling" name="MavenFullSwing3" time="0.0"/>
  <testcase classname="UdemyContd2.V160_2SwitchingTheTestsWithMavenProfiling" name="MavenFullSwing4" time="0.0"/>
  <testcase classname="UdemyContd2.V160_2SwitchingTheTestsWithMavenProfiling" name="MavenFullSwing5" time="0.0"/>
  <testcase classname="UdemyContd2.V160_2SwitchingTheTestsWithMavenProfiling" name="MavenFullSwing6" time="0.0"/>
  <testcase classname="UdemyContd2.V160_3SwitchingTheTestsWithMavenProfiling" name="MavenFullSwing7" time="0.0"/>
  <testcase classname="UdemyContd2.V160_3SwitchingTheTestsWithMavenProfiling" name="MavenFullSwing8" time="0.001"/>
  <testcase classname="UdemyContd2.V160_3SwitchingTheTestsWithMavenProfiling" name="MavenFullSwing9" time="0.0"/>
</testsuite> <!-- Test -->
