<?xml version="1.0" encoding="UTF-8"?>
<testsuite xmlns:xsi="http://www.w3.org/2001/XMLSchema-instance" xsi:noNamespaceSchemaLocation="https://maven.apache.org/surefire/maven-surefire-plugin/xsd/surefire-test-report.xsd" name="TestSuite" time="0.774" tests="9" errors="0" skipped="0" failures="0">
  <properties>
[...]
</properties>
  <testcase name="MavenFullSwing1" classname="UdemyContd2.V160_1SwitchingTheTestsWithMavenProfiling" time="0.005"/>
  <testcase name="MavenFullSwing2" classname="UdemyContd2.V160_1SwitchingTheTestsWithMavenProfiling" time="0.001"/>
  <testcase name="MavenFullSwing3" classname="UdemyContd2.V160_1SwitchingTheTestsWithMavenProfiling" time="0.001"/>
  <testcase name="MavenFullSwing4" classname="UdemyContd2.V160_2SwitchingTheTestsWithMavenProfiling" time="0.001"/>
  <testcase name="MavenFullSwing5" classname="UdemyContd2.V160_2SwitchingTheTestsWithMavenProfiling" time="0.002"/>
  <testcase name="MavenFullSwing6" classname="UdemyContd2.V160_2SwitchingTheTestsWithMavenProfiling" time="0.002"/>
  <testcase name="MavenFullSwing7" classname="UdemyContd2.V160_3SwitchingTheTestsWithMavenProfiling" time="0.001"/>
  <testcase name="MavenFullSwing8" classname="UdemyContd2.V160_3SwitchingTheTestsWithMavenProfiling" time="0.001"/>
  <testcase name="MavenFullSwing9" classname="UdemyContd2.V160_3SwitchingTheTestsWithMavenProfiling" time="0.001"/>
</testsuite>